THIS FILE CONTAINS THE METADATA ABOUT SYSTEM AND RUNTIME


-------System Info-------
Operating System Name: Linux
Nodename: node068.local
Release: 2.6.32-642.el6.x86_64
Version: #1 SMP Wed Apr 13 00:51:26 EDT 2016

-------Python and Package Versions------- 
Python Version: 3.7.3
SigProfilerMatrixGenerator Version: 1.0.26
SigProfilerPlotting version: 1.0.10
matplotlib version: 3.2.1
statsmodels version: 0.12.1
scipy version: 1.4.1
pandas version: 1.0.1
numpy version: 1.18.2

-------Vital Parameters Used for the execution -------
Project: snv
Genome: GRCh37
Input File Path: snv/
exome: False
bed_file: None
chrom_based: False
plot: False
tsb_stat: False
seqInfo: False

-------Date and Time Data------- 
Date and Clock time when the execution started: 2022-05-10 10:49:57.754799


-------Runtime Checkpoints------- 
Chromosome X done
Chromosome Y done
Chromosome 1 done
Chromosome 2 done
Chromosome 3 done
Chromosome 4 done
Chromosome 5 done
Chromosome 6 done
Chromosome 7 done
Chromosome 8 done
Chromosome 9 done
Chromosome 10 done
Chromosome 11 done
Chromosome 12 done
Chromosome 13 done
Chromosome 14 done
Chromosome 15 done
Chromosome 16 done
Chromosome 17 done
Chromosome 18 done
Chromosome 19 done
Chromosome 20 done
Chromosome 21 done
Chromosome 22 done
